🚀 Starting EUFM Mission Control Dashboard...
node:events:496
      throw er; // Unhandled 'error' event
      ^

Error: listen EADDRINUSE: address already in use :::3000
    at Server.setupListenHandle [as _listen2] (node:net:1940:16)
    at listenInCluster (node:net:1997:12)
    at Server.listen (node:net:2102:7)
    at <anonymous> (/Users/panda/Desktop/EUFM/src/dashboard/dashboardServer.ts:239:19)
    at new Promise (<anonymous>)
    at DashboardServer.start (/Users/panda/Desktop/EUFM/src/dashboard/dashboardServer.ts:238:12)
    at main (/Users/panda/Desktop/EUFM/src/cli/index.ts:146:19)
    at <anonymous> (/Users/panda/Desktop/EUFM/src/cli/index.ts:224:1)
    at ModuleJob.run (node:internal/modules/esm/module_job:329:25)
    at async onImport.tracePromise.__proto__ (node:internal/modules/esm/loader:644:26)
Emitted 'error' event on WebSocketServer instance at:
    at Server.emit (node:events:518:28)
    at emitErrorNT (node:net:1976:8)
    at process.processTicksAndRejections (node:internal/process/task_queues:90:21) {
  code: 'EADDRINUSE',
  errno: -48,
  syscall: 'listen',
  address: '::',
  port: 3000
}

Node.js v22.17.1
